{"timestamp":"2025-11-18T23:38:49.627Z","event":"CADASTRO_USUARIO","data":{"usuario":"Amanda","descricao":"Cadastro de novo usuário."}}
{"timestamp":"2025-11-20T23:21:37.501Z","event":"CADASTRO_USUARIO","username":{"usuario":"Amanda Teste","descricao":"Cadastro de novo usuário."},"description":null}
{"timestamp":"2025-11-20T23:21:53.614Z","event":"LOGIN_SUCESSO","username":{"usuario":"Amanda Teste","descricao":"Usuário realizou login com sucesso."},"description":null}
{"timestamp":"2025-11-20T23:22:46.333Z","event":"LOGIN_SUCESSO","username":{"usuario":"Amanda Teste","descricao":"Usuário realizou login com sucesso."},"description":null}
{"timestamp":"2025-11-20T23:27:39.995Z","event":"LOGIN_SUCESSO","username":{"usuario":"Amanda Teste","descricao":"Usuário realizou login com sucesso."},"description":null}
{"timestamp":"2025-11-20T23:33:36.979Z","event":"LOGIN_SUCESSO","username":{"usuario":"Amanda Teste","descricao":"Usuário realizou login com sucesso."},"description":null}
{"timestamp":"2025-11-20T23:36:46.104Z","event":"LOGIN_SUCESSO","username":{"usuario":"Amanda Teste","descricao":"Usuário realizou login com sucesso."},"description":null}
{"timestamp":"2025-11-20T23:37:53.867Z","event":"LOGIN_SUCESSO","username":{"usuario":"Amanda Teste","descricao":"Usuário realizou login com sucesso."},"description":null}
{"timestamp":"2025-11-20T23:39:00.639Z","event":"LOGIN_SUCESSO","username":{"usuario":"Amanda Teste","descricao":"Usuário realizou login com sucesso."},"description":null}
{"timestamp":"2025-11-20T23:42:49.888Z","event":"LOGIN_SUCESSO","username":{"usuario":"Amanda Teste","descricao":"Usuário realizou login com sucesso."},"description":null}
{"timestamp":"2025-11-20T23:43:29.157Z","event":"LOGIN_SUCESSO","username":{"usuario":"Amanda Teste","descricao":"Usuário realizou login com sucesso."},"description":null}
{"timestamp":"2025-11-21T00:14:19.971Z","event":"LOGIN_SUCESSO","username":{"usuario":"Amanda Teste","descricao":"Login realizado com sucesso."},"description":null}
{"timestamp":"2025-11-21T01:54:27.395Z","event":"LOGIN_SUCESSO","username":{"usuario":"Amanda Teste","descricao":"Login realizado com sucesso."},"description":null}
{"timestamp":"2025-11-21T01:58:16.433Z","event":"LOGIN_SUCESSO","username":{"usuario":"Amanda Teste","descricao":"Login realizado com sucesso."},"description":null}
{"timestamp":"2025-11-28T15:54:18.208Z","event":"LOGIN_SUCESSO","username":{"usuario":"Amanda Teste","descricao":"Login realizado com sucesso."},"description":null}
{"timestamp":"2025-11-28T16:16:46.257Z","event":"LOGIN_SUCESSO","username":{"usuario":"Amanda Teste","descricao":"Login realizado com sucesso."},"description":null}
{"timestamp":"2025-11-28T16:18:45.474Z","event":"LOGIN_SUCESSO","username":{"usuario":"Amanda Teste","descricao":"Login realizado com sucesso."},"description":null}
{"timestamp":"2025-11-28T16:26:36.197Z","event":"LOGIN_SUCESSO","username":{"usuario":"Amanda Teste","descricao":"Login realizado com sucesso."},"description":null}
{"timestamp":"2025-11-28T16:35:02.841Z","event":"ERRO_AUTENTICACAO","username":{"usuario":"Amanda Teste","descricao":"Senha incorreta."},"description":null}
{"timestamp":"2025-11-28T16:35:17.851Z","event":"ERRO_AUTENTICACAO","username":{"usuario":"Amanda Teste","descricao":"Senha incorreta."},"description":null}
{"timestamp":"2025-11-28T16:35:23.053Z","event":"ERRO_AUTENTICACAO","username":{"usuario":"Amanda Teste","descricao":"Senha incorreta."},"description":null}
{"timestamp":"2025-11-28T16:35:26.246Z","event":"ERRO_AUTENTICACAO","username":{"usuario":"Amanda Teste","descricao":"Senha incorreta."},"description":null}
{"timestamp":"2025-11-28T16:35:29.713Z","event":"ERRO_AUTENTICACAO","username":{"usuario":"Amanda Teste","descricao":"Senha incorreta."},"description":null}
{"timestamp":"2025-11-28T16:43:27.131Z","event":"CADASTRO_USUARIO","username":{"usuario":"Gabriel Peixoto","descricao":"Cadastro de novo usuário."},"description":null}
{"timestamp":"2025-11-28T16:44:13.484Z","event":"ERRO_AUTENTICACAO","username":"Gabriel Peixoto","description":"Senha incorreta."}
{"timestamp":"2025-11-28T16:44:20.382Z","event":"ERRO_AUTENTICACAO","username":"Gabriel Peixoto","description":"Senha incorreta."}
{"timestamp":"2025-11-28T16:44:23.275Z","event":"ERRO_AUTENTICACAO","username":"Gabriel Peixoto","description":"Senha incorreta."}
{"timestamp":"2025-11-28T16:44:26.219Z","event":"ERRO_AUTENTICACAO","username":"Gabriel Peixoto","description":"Senha incorreta."}
{"timestamp":"2025-11-28T16:44:28.991Z","event":"ERRO_AUTENTICACAO","username":"Gabriel Peixoto","description":"Senha incorreta."}
{"timestamp":"2025-11-28T21:57:02.978Z","event":"LOGIN_SUCESSO","username":{"usuario":"Amanda Teste","descricao":"Login realizado com sucesso."},"description":null}
{"timestamp":"2025-11-28T21:58:08.232Z","event":"CADASTRO_USUARIO","username":{"usuario":"Aluno","descricao":"Cadastro de novo usuário."},"description":null}
{"timestamp":"2025-11-28T21:58:50.850Z","event":"LOGIN_SUCESSO","username":{"usuario":"Aluno","descricao":"Login realizado com sucesso."},"description":null}
{"timestamp":"2025-11-28T22:00:12.868Z","event":"LOGIN_SUCESSO","username":{"usuario":"Amanda Teste","descricao":"Login realizado com sucesso."},"description":null}
{"timestamp":"2025-11-28T22:02:00.051Z","event":"LOGIN_SUCESSO","username":{"usuario":"Amanda Teste","descricao":"Login realizado com sucesso."},"description":null}
{"timestamp":"2025-11-28T22:10:30.200Z","event":"LOGIN_SUCESSO","username":{"usuario":"Amanda Teste","descricao":"Login realizado com sucesso."},"description":null}
{"timestamp":"2025-11-28T22:12:39.454Z","event":"LOGIN_SUCESSO","username":{"usuario":"Aluno","descricao":"Login realizado com sucesso."},"description":null}
{"timestamp":"2025-11-28T22:13:06.655Z","event":"LOGIN_SUCESSO","username":{"usuario":"Amanda Teste","descricao":"Login realizado com sucesso."},"description":null}
{"timestamp":"2025-11-28T22:18:54.120Z","event":"LOGIN_SUCESSO","username":{"usuario":"Amanda Teste","descricao":"Login realizado com sucesso."},"description":null}
{"timestamp":"2025-11-28T23:17:19.792Z","event":"CADASTRO_USUARIO","username":{"usuario":"Teste","descricao":"Cadastro de novo usuário."},"description":null}
{"timestamp":"2025-11-28T23:18:08.004Z","event":"LOGIN_SUCESSO","username":{"usuario":"Amanda Teste","descricao":"Login realizado com sucesso."},"description":null}
{"timestamp":"2025-12-09T00:05:33.662Z","event":"LOGIN_SUCESSO","username":{"usuario":"Amanda Teste","descricao":"Login realizado com sucesso."},"description":null}
